<?xml version="1.0" encoding="UTF-8"?>
<testsuite xmlns:xsi="http://www.w3.org/2001/XMLSchema-instance" xsi:noNamespaceSchemaLocation="https://maven.apache.org/surefire/maven-surefire-plugin/xsd/surefire-test-report.xsd" version="3.0.2" name="com.chalabi.EtudeDeCas.EtudeDeCasApplicationTests" time="6.642" tests="1" errors="0" skipped="0" failures="0">
  <properties>
[...]
</properties>
  <testcase name="contextLoads" classname="com.chalabi.EtudeDeCas.EtudeDeCasApplicationTests" time="0.673">
    <system-out><![CDATA[21:52:04.376 [main] INFO org.springframework.test.context.support.AnnotationConfigContextLoaderUtils -- Could not detect default configuration classes for test class [com.chalabi.EtudeDeCas.EtudeDeCasApplicationTests]: EtudeDeCasApplicationTests does not declare any static, non-private, non-final, nested classes annotated with @Configuration.
21:52:04.504 [main] INFO org.springframework.boot.test.context.SpringBootTestContextBootstrapper -- Found @SpringBootConfiguration com.chalabi.EtudeDeCas.EtudeDeCasApplication for test class com.chalabi.EtudeDeCas.EtudeDeCasApplicationTests
21:52:04.746 [main] INFO org.springframework.boot.devtools.restart.RestartApplicationListener -- Restart disabled due to context in which it is running

  .   ____          _            __ _ _
 /\\ / ___'_ __ _ _(_)_ __  __ _ \ \ \ \
( ( )\___ | '_ | '_| | '_ \/ _` | \ \ \ \
 \\/  ___)| |_)| | | | | || (_| |  ) ) ) )
  '  |____| .__|_| |_|_| |_\__, | / / / /
 =========|_|==============|___/=/_/_/_/

 :: Spring Boot ::                (v3.4.0)

2024-12-07T21:52:05.138+01:00  INFO 49783 --- [EtudeDeCas] [           main] c.c.E.EtudeDeCasApplicationTests         : Starting EtudeDeCasApplicationTests using Java 21.0.5 with PID 49783 (started by chalabihossam in /Users/chalabihossam/eclipse-workspace/EtudeDeCas)
2024-12-07T21:52:05.141+01:00  INFO 49783 --- [EtudeDeCas] [           main] c.c.E.EtudeDeCasApplicationTests         : No active profile set, falling back to 1 default profile: "default"
2024-12-07T21:52:06.436+01:00  INFO 49783 --- [EtudeDeCas] [           main] .s.d.r.c.RepositoryConfigurationDelegate : Bootstrapping Spring Data JPA repositories in DEFAULT mode.
2024-12-07T21:52:06.628+01:00  INFO 49783 --- [EtudeDeCas] [           main] .s.d.r.c.RepositoryConfigurationDelegate : Finished Spring Data repository scanning in 175 ms. Found 4 JPA repository interfaces.
2024-12-07T21:52:07.255+01:00  INFO 49783 --- [EtudeDeCas] [           main] o.hibernate.jpa.internal.util.LogHelper  : HHH000204: Processing PersistenceUnitInfo [name: default]
2024-12-07T21:52:07.299+01:00  INFO 49783 --- [EtudeDeCas] [           main] org.hibernate.Version                    : HHH000412: Hibernate ORM core version 6.6.2.Final
2024-12-07T21:52:07.325+01:00  INFO 49783 --- [EtudeDeCas] [           main] o.h.c.internal.RegionFactoryInitiator    : HHH000026: Second-level cache disabled
2024-12-07T21:52:07.507+01:00  INFO 49783 --- [EtudeDeCas] [           main] o.s.o.j.p.SpringPersistenceUnitInfo      : No LoadTimeWeaver setup: ignoring JPA class transformer
2024-12-07T21:52:07.526+01:00  INFO 49783 --- [EtudeDeCas] [           main] com.zaxxer.hikari.HikariDataSource       : HikariPool-1 - Starting...
2024-12-07T21:52:07.644+01:00  INFO 49783 --- [EtudeDeCas] [           main] com.zaxxer.hikari.pool.HikariPool        : HikariPool-1 - Added connection conn0: url=jdbc:h2:mem:reservationDB user=SA
2024-12-07T21:52:07.648+01:00  INFO 49783 --- [EtudeDeCas] [           main] com.zaxxer.hikari.HikariDataSource       : HikariPool-1 - Start completed.
2024-12-07T21:52:07.694+01:00  INFO 49783 --- [EtudeDeCas] [           main] org.hibernate.orm.connections.pooling    : HHH10001005: Database info:
	Database JDBC URL [Connecting through datasource 'HikariDataSource (HikariPool-1)']
	Database driver: undefined/unknown
	Database version: 2.3.232
	Autocommit mode: undefined/unknown
	Isolation level: undefined/unknown
	Minimum pool size: undefined/unknown
	Maximum pool size: undefined/unknown
2024-12-07T21:52:08.612+01:00  INFO 49783 --- [EtudeDeCas] [           main] o.h.e.t.j.p.i.JtaPlatformInitiator       : HHH000489: No JTA platform available (set 'hibernate.transaction.jta.platform' to enable JTA platform integration)
2024-12-07T21:52:08.669+01:00  INFO 49783 --- [EtudeDeCas] [           main] j.LocalContainerEntityManagerFactoryBean : Initialized JPA EntityManagerFactory for persistence unit 'default'
2024-12-07T21:52:09.330+01:00  WARN 49783 --- [EtudeDeCas] [           main] JpaBaseConfiguration$JpaWebConfiguration : spring.jpa.open-in-view is enabled by default. Therefore, database queries may be performed during view rendering. Explicitly configure spring.jpa.open-in-view to disable this warning
2024-12-07T21:52:09.657+01:00  INFO 49783 --- [EtudeDeCas] [           main] g.s.a.GrpcServerFactoryAutoConfiguration : Detected grpc-netty-shaded: Creating ShadedNettyGrpcServerFactory
2024-12-07T21:52:09.836+01:00  INFO 49783 --- [EtudeDeCas] [           main] o.s.b.a.h2.H2ConsoleAutoConfiguration    : H2 console available at '/BD'. Database available at 'jdbc:h2:mem:reservationDB'
2024-12-07T21:52:09.938+01:00  INFO 49783 --- [EtudeDeCas] [           main] n.d.b.g.s.s.AbstractGrpcServerFactory    : Registered gRPC service: com.chalabi.EtudeDeCas.ReservationService, bean: reservationServiceGrpcImpl, class: com.chalabi.EtudeDeCas.service.ReservationServiceGrpcImpl
2024-12-07T21:52:09.938+01:00  INFO 49783 --- [EtudeDeCas] [           main] n.d.b.g.s.s.AbstractGrpcServerFactory    : Registered gRPC service: grpc.health.v1.Health, bean: grpcHealthService, class: io.grpc.protobuf.services.HealthServiceImpl
2024-12-07T21:52:09.938+01:00  INFO 49783 --- [EtudeDeCas] [           main] n.d.b.g.s.s.AbstractGrpcServerFactory    : Registered gRPC service: grpc.reflection.v1alpha.ServerReflection, bean: protoReflectionService, class: io.grpc.protobuf.services.ProtoReflectionService
2024-12-07T21:52:10.019+01:00  INFO 49783 --- [EtudeDeCas] [           main] n.d.b.g.s.s.GrpcServerLifecycle          : gRPC Server started, listening on address: *, port: 9090
2024-12-07T21:52:10.045+01:00  INFO 49783 --- [EtudeDeCas] [           main] c.c.E.EtudeDeCasApplicationTests         : Started EtudeDeCasApplicationTests in 5.334 seconds (process running for 6.636)
Initial data added to the database.
]]></system-out>
    <system-err><![CDATA[Mockito is currently self-attaching to enable the inline-mock-maker. This will no longer work in future releases of the JDK. Please add Mockito as an agent to your build what is described in Mockito's documentation: https://javadoc.io/doc/org.mockito/mockito-core/latest/org/mockito/Mockito.html#0.3
WARNING: A Java agent has been loaded dynamically (/Users/chalabihossam/.m2/repository/net/bytebuddy/byte-buddy-agent/1.15.10/byte-buddy-agent-1.15.10.jar)
WARNING: If a serviceability tool is in use, please run with -XX:+EnableDynamicAgentLoading to hide this warning
WARNING: If a serviceability tool is not in use, please run with -Djdk.instrument.traceUsage for more information
WARNING: Dynamic loading of agents will be disallowed by default in a future release
]]></system-err>
  </testcase>
</testsuite>